<?xml version="1.0" encoding="UTF-8"?>
<!-- Generated by org.testng.reporters.JUnitReportReporter -->
<testsuite hostname="DESKTOP-U3REVBH" failures="0" tests="1" name="ractise.RahulShettyTutP.StandaloneTest" time="10.028" errors="0" timestamp="2024-04-29T22:39:02 IST" skipped="0">
  <testcase classname="ractise.RahulShettyTutP.StandaloneTest" name="submitOrder" time="10.028"/>
  <system-out/>
</testsuite> <!-- ractise.RahulShettyTutP.StandaloneTest -->
